<?xml version="1.0" encoding="UTF-8"?>
<testsuite name="PrimeCalculatorTest" tests="5" skipped="0" failures="0" errors="0" timestamp="2023-12-19T16:22:41" hostname="LAPTOP-NP9208VF" time="5.861">
  <properties/>
  <testcase name="testUndefinedPrime" classname="PrimeCalculatorTest" time="0.154"/>
  <testcase name="testSixthPrime" classname="PrimeCalculatorTest" time="0.008"/>
  <testcase name="testFirstPrime" classname="PrimeCalculatorTest" time="0.0"/>
  <testcase name="testSecondPrime" classname="PrimeCalculatorTest" time="0.0"/>
  <testcase name="testBigPrime" classname="PrimeCalculatorTest" time="5.696"/>
  <system-out><![CDATA[]]></system-out>
  <system-err><![CDATA[]]></system-err>
</testsuite>
