<?xml version="1.0" encoding="UTF-8"?>
<testsuite name="ResistorColorTest" tests="4" skipped="0" failures="0" errors="0" timestamp="2023-12-19T08:40:49" hostname="LAPTOP-NP9208VF" time="0.179">
  <properties/>
  <testcase name="testWhiteColorCode" classname="ResistorColorTest" time="0.141"/>
  <testcase name="testColors" classname="ResistorColorTest" time="0.036"/>
  <testcase name="testBlackColorCode" classname="ResistorColorTest" time="0.001"/>
  <testcase name="testOrangeColorCode" classname="ResistorColorTest" time="0.0"/>
  <system-out><![CDATA[]]></system-out>
  <system-err><![CDATA[]]></system-err>
</testsuite>
